TN:
SF:C:\Users\R Shane Randolph\Documents\kong\vue-test-utils-karma-example\src\data\MySongs.js
FNF:0
FNH:0
DA:1,1
LF:1
LH:1
BRF:0
BRH:0
end_of_record
TN:
SF:C:\Users\R Shane Randolph\Documents\kong\vue-test-utils-karma-example\src\components\music-library\songs\Song.vue
FN:28,(anonymous_0)
FNF:1
FNH:1
FNDA:6,(anonymous_0)
DA:22,1
DA:27,3
DA:28,2
DA:29,6
DA:30,0
DA:32,5
DA:36,1
LF:7
LH:6
BRDA:27,0,0,2
BRDA:27,0,1,1
BRDA:29,1,0,0
BRDA:29,1,1,5
BRF:4
BRH:3
end_of_record
TN:
SF:C:\Users\R Shane Randolph\Documents\kong\vue-test-utils-karma-example\src\components\music-library\songs\SongsList.vue
FNF:0
FNH:0
DA:33,0
DA:38,0
LF:2
LH:0
BRF:0
BRH:0
end_of_record
TN:
SF:C:\Users\R Shane Randolph\Documents\kong\vue-test-utils-karma-example\src\components\music-library\MusicLibrary.vue
FN:61,(anonymous_0)
FN:65,(anonymous_1)
FN:73,(anonymous_2)
FN:82,(anonymous_3)
FN:82,(anonymous_4)
FN:96,(anonymous_5)
FNF:6
FNH:3
FNDA:397,(anonymous_0)
FNDA:0,(anonymous_1)
FNDA:1191,(anonymous_2)
FNDA:0,(anonymous_3)
FNDA:0,(anonymous_4)
FNDA:1602,(anonymous_5)
DA:35,3
DA:52,0
DA:53,0
DA:55,0
DA:56,0
DA:61,397
DA:63,397
DA:64,397
DA:65,0
DA:66,0
DA:67,0
DA:69,0
DA:73,397
DA:74,1191
DA:75,3
DA:77,1188
DA:81,0
DA:82,0
DA:85,396
DA:93,402
DA:96,401
DA:97,1602
DA:98,1602
DA:102,402
DA:104,402
DA:105,397
DA:108,401
LF:27
LH:17
BRDA:52,0,0,0
BRDA:52,0,1,0
BRDA:59,1,0,0
BRDA:63,2,0,397
BRDA:63,2,1,0
BRDA:64,3,0,0
BRDA:64,3,1,397
BRDA:66,4,0,0
BRDA:66,4,1,0
BRDA:74,5,0,3
BRDA:74,5,1,1188
BRDA:81,6,0,0
BRDA:81,6,1,0
BRDA:82,7,0,0
BRDA:82,7,1,0
BRDA:104,8,0,397
BRDA:104,8,1,5
BRF:17
BRH:6
end_of_record
