TN:
SF:C:\Users\R Shane Randolph\Documents\kong\vue-test-utils-karma-example\src\data\MySongs.js
FNF:0
FNH:0
DA:1,1
LF:1
LH:1
BRF:0
BRH:0
end_of_record
TN:
SF:C:\Users\R Shane Randolph\Documents\kong\vue-test-utils-karma-example\src\helpers\FormatSecondsAsTime.js
FN:1,(anonymous_0)
FNF:1
FNH:1
FNDA:2720,(anonymous_0)
DA:1,2
DA:2,2720
DA:3,2720
DA:4,2720
DA:5,2720
DA:7,2720
DA:8,2720
DA:9,2720
DA:11,2720
DA:12,0
DA:14,2720
LF:11
LH:10
BRDA:7,0,0,2720
BRDA:7,0,1,0
BRDA:8,1,0,1
BRDA:8,1,1,2719
BRDA:9,2,0,0
BRDA:9,2,1,2720
BRDA:11,3,0,0
BRDA:11,3,1,2720
BRF:8
BRH:5
end_of_record
TN:
SF:C:\Users\R Shane Randolph\Documents\kong\vue-test-utils-karma-example\src\components\music-library\songs\Song.vue
FN:31,(anonymous_0)
FNF:1
FNH:1
FNDA:6,(anonymous_0)
DA:25,1
DA:30,3
DA:31,2
DA:32,6
DA:33,5
DA:34,1
DA:36,4
DA:39,0
DA:43,1
LF:9
LH:8
BRDA:30,0,0,2
BRDA:30,0,1,1
BRDA:32,1,0,5
BRDA:32,1,1,0
BRDA:33,2,0,1
BRDA:33,2,1,4
BRF:6
BRH:5
end_of_record
TN:
SF:C:\Users\R Shane Randolph\Documents\kong\vue-test-utils-karma-example\src\components\music-library\songs\SongsList.vue
FNF:0
FNH:0
DA:69,0
DA:74,0
DA:77,0
LF:3
LH:0
BRF:0
BRH:0
end_of_record
TN:
SF:C:\Users\R Shane Randolph\Documents\kong\vue-test-utils-karma-example\src\components\music-library\search\Search.vue
FNF:0
FNH:0
DA:27,2
DA:34,2
DA:37,0
DA:38,0
DA:46,1
DA:49,1
LF:6
LH:4
BRDA:37,0,0,0
BRDA:37,0,1,0
BRF:2
BRH:0
end_of_record
TN:
SF:C:\Users\R Shane Randolph\Documents\kong\vue-test-utils-karma-example\src\components\music-library\MusicLibrary.vue
FN:68,(anonymous_0)
FN:81,(anonymous_1)
FN:84,(anonymous_2)
FN:92,(anonymous_3)
FN:101,(anonymous_4)
FN:101,(anonymous_5)
FN:109,(anonymous_6)
FN:113,(anonymous_7)
FN:136,(anonymous_8)
FNF:9
FNH:5
FNDA:0,(anonymous_0)
FNDA:1067,(anonymous_1)
FNDA:0,(anonymous_2)
FNDA:2134,(anonymous_3)
FNDA:0,(anonymous_4)
FNDA:0,(anonymous_5)
FNDA:15,(anonymous_6)
FNDA:9,(anonymous_7)
FNDA:8187,(anonymous_8)
DA:47,6
DA:66,1
DA:67,1
DA:68,1
DA:69,0
DA:73,2
DA:74,1
DA:76,1
DA:77,1
DA:81,1067
DA:82,1067
DA:83,1067
DA:84,0
DA:85,0
DA:86,0
DA:88,0
DA:92,1067
DA:93,2134
DA:94,2
DA:96,2132
DA:100,0
DA:101,0
DA:104,1055
DA:107,3
DA:109,3
DA:110,15
DA:113,3
DA:114,9
DA:115,27
DA:116,27
DA:117,3
DA:121,6
DA:125,1
DA:130,10
DA:133,3785
DA:136,2719
DA:137,8187
DA:138,8187
DA:140,2719
DA:143,3212
DA:145,3212
DA:146,3
DA:148,3212
DA:149,1067
DA:152,3200
LF:45
LH:38
BRDA:73,0,0,1
BRDA:73,0,1,1
BRDA:80,1,0,0
BRDA:82,2,0,1067
BRDA:82,2,1,0
BRDA:83,3,0,0
BRDA:83,3,1,1067
BRDA:85,4,0,0
BRDA:85,4,1,0
BRDA:93,5,0,2
BRDA:93,5,1,2132
BRDA:100,6,0,0
BRDA:100,6,1,0
BRDA:101,7,0,0
BRDA:101,7,1,0
BRDA:116,8,0,3
BRDA:116,8,1,24
BRDA:130,9,0,3
BRDA:130,9,1,7
BRDA:130,10,0,10
BRDA:130,10,1,3
BRDA:130,10,2,3
BRDA:145,11,0,3
BRDA:145,11,1,3209
BRDA:148,12,0,1067
BRDA:148,12,1,2145
BRF:26
BRH:17
end_of_record
